#
# There is insufficient memory for the Java Runtime Environment to continue.
# Native memory allocation (mmap) failed to map 67108864 bytes for Failed to commit area from 0x00000000c1e00000 to 0x00000000c5e00000 of length 67108864.
# Possible reasons:
#   The system is out of physical RAM or swap space
#   The process is running with CompressedOops enabled, and the Java Heap may be blocking the growth of the native heap
# Possible solutions:
#   Reduce memory load on the system
#   Increase physical memory or swap space
#   Check if swap backing store is full
#   Decrease Java heap size (-Xmx/-Xms)
#   Decrease number of Java threads
#   Decrease Java thread stack sizes (-Xss)
#   Set larger code cache with -XX:ReservedCodeCacheSize=
# This output file may be truncated or incomplete.
#
#  Out of Memory Error (t:/workspace/open/src/hotspot/os/windows/os_windows.cpp:3264), pid=19664, tid=19068
#
# JRE version:  (12.0.2+10) (build )
# Java VM: Java HotSpot(TM) 64-Bit Server VM (12.0.2+10, mixed mode, sharing, tiered, compressed oops, g1 gc, windows-amd64)
# No core dump will be written. Minidumps are not enabled by default on client versions of Windows
#

---------------  S U M M A R Y ------------

Command Line: -agentlib:jdwp=transport=dt_socket,suspend=y,address=localhost:61994 -javaagent:C:\Users\Vivian\eclipse\java-2019-06\eclipse\configuration\org.eclipse.osgi\226\0\.cp\lib\javaagent-shaded.jar -Dfile.encoding=Cp1252 MainClass

Host: Intel(R) Pentium(R) CPU 4405U @ 2.10GHz, 4 cores, 3G,  Windows 10 , 64 bit Build 17134 (10.0.17134.753)
Time: Fri Aug 30 23:56:52 2019 Malay Peninsula Standard Time elapsed time: 0 seconds (0d 0h 0m 0s)

---------------  T H R E A D  ---------------

Current thread (0x0000027b2a0d5800):  JavaThread "Unknown thread" [_thread_in_vm, id=19068, stack(0x0000007c42f00000,0x0000007c43000000)]

Stack: [0x0000007c42f00000,0x0000007c43000000]
Native frames: (J=compiled Java code, j=interpreted, Vv=VM code, C=native code)
V  [jvm.dll+0x63aa2a]
V  [jvm.dll+0x78ce1e]
V  [jvm.dll+0x78e4c1]
V  [jvm.dll+0x78eb13]
V  [jvm.dll+0x2627e8]
V  [jvm.dll+0x637f5a]
V  [jvm.dll+0x62c845]
V  [jvm.dll+0x31e49c]
V  [jvm.dll+0x31e2cf]
V  [jvm.dll+0x324006]
V  [jvm.dll+0x371f56]
V  [jvm.dll+0x371720]
V  [jvm.dll+0x2f845a]
V  [jvm.dll+0x2f96d2]
V  [jvm.dll+0x767267]
V  [jvm.dll+0x7689f5]
V  [jvm.dll+0x380059]
V  [jvm.dll+0x74b794]
V  [jvm.dll+0x3ef5cd]
V  [jvm.dll+0x3f1471]
C  [jli.dll+0x51cf]
C  [ucrtbase.dll+0x1e3fe]
C  [KERNEL32.DLL+0x14034]
C  [ntdll.dll+0x73691]


---------------  P R O C E S S  ---------------

Threads class SMR info:
_java_thread_list=0x00007ffb90e17928, length=0, elements={
}

Java Threads: ( => current thread )

Other Threads:
  0x0000027b2a101800 GCTaskThread "GC Thread#0" [stack: 0x0000007c43000000,0x0000007c43100000] [id=9484]
  0x0000027b2a10d000 ConcurrentGCThread "G1 Main Marker" [stack: 0x0000007c43100000,0x0000007c43200000] [id=18224]
  0x0000027b2a110800 ConcurrentGCThread "G1 Conc#0" [stack: 0x0000007c43200000,0x0000007c43300000] [id=9256]

[error occurred during error reporting (printing all threads), id 0xc0000005, EXCEPTION_ACCESS_VIOLATION (0xc0000005) at pc=0x00007ffb906485e7]

VM state:not at safepoint (not fully initialized)

VM Mutex/Monitor currently owned by a thread:  ([mutex/lock_event])
[0x0000027b2a0d0da0] Heap_lock - owner thread: 0x0000027b2a0d5800

Heap address: 0x00000000c1e00000, size: 994 MB, Compressed Oops mode: Non-zero based: 0x00000000c1e00000
Narrow klass base: 0x0000000000000000, Narrow klass shift: 0

GC Heap History (0 events):
No events

Deoptimization events (0 events):
No events

Classes redefined (0 events):
No events

Internal exceptions (0 events):
No events

Events (0 events):
No events


Dynamic libraries:
0x00007ff6ec460000 - 0x00007ff6ec46f000 	C:\Program Files\Java\jdk-12.0.2\bin\javaw.exe
0x00007ffbc58e0000 - 0x00007ffbc5ac1000 	C:\Windows\SYSTEM32\ntdll.dll
0x00007ffbc36d0000 - 0x00007ffbc3781000 	C:\Windows\System32\KERNEL32.DLL
0x00007ffbc2920000 - 0x00007ffbc2b93000 	C:\Windows\System32\KERNELBASE.dll
0x00007ffbc27a0000 - 0x00007ffbc2898000 	C:\Windows\System32\ucrtbase.dll
0x00007ffbbb360000 - 0x00007ffbbb378000 	C:\Program Files\Java\jdk-12.0.2\bin\jli.dll
0x00007ffbc5440000 - 0x00007ffbc54e1000 	C:\Windows\System32\ADVAPI32.dll
0x00007ffbc56b0000 - 0x00007ffbc574e000 	C:\Windows\System32\msvcrt.dll
0x00007ffbc3460000 - 0x00007ffbc34bb000 	C:\Windows\System32\sechost.dll
0x00007ffbc5550000 - 0x00007ffbc5674000 	C:\Windows\System32\RPCRT4.dll
0x00007ffbc32d0000 - 0x00007ffbc3460000 	C:\Windows\System32\USER32.dll
0x00007ffbb85d0000 - 0x00007ffbb85e6000 	C:\Program Files\Java\jdk-12.0.2\bin\VCRUNTIME140.dll
0x00007ffbc2d50000 - 0x00007ffbc2d70000 	C:\Windows\System32\win32u.dll
0x00007ffbc34c0000 - 0x00007ffbc34e8000 	C:\Windows\System32\GDI32.dll
0x00007ffbc25b0000 - 0x00007ffbc2741000 	C:\Windows\System32\gdi32full.dll
0x00007ffbc2ba0000 - 0x00007ffbc2c3f000 	C:\Windows\System32\msvcp_win.dll
0x00007ffbacc70000 - 0x00007ffbaced9000 	C:\Windows\WinSxS\amd64_microsoft.windows.common-controls_6595b64144ccf1df_6.0.17134.950_none_fb3da4273069d3e0\COMCTL32.dll
0x00007ffbc2ef0000 - 0x00007ffbc3212000 	C:\Windows\System32\combase.dll
0x00007ffbc28a0000 - 0x00007ffbc2919000 	C:\Windows\System32\bcryptPrimitives.dll
0x00007ffbb9600000 - 0x00007ffbb960a000 	C:\Windows\SYSTEM32\VERSION.dll
0x00007ffbc36a0000 - 0x00007ffbc36cd000 	C:\Windows\System32\IMM32.DLL
0x00007ffbad100000 - 0x00007ffbad1aa000 	C:\Program Files\Java\jdk-12.0.2\bin\msvcp140.dll
0x00007ffb90340000 - 0x00007ffb90eb7000 	C:\Program Files\Java\jdk-12.0.2\bin\server\jvm.dll
0x00007ffbc3690000 - 0x00007ffbc3698000 	C:\Windows\System32\PSAPI.DLL
0x00007ffbb2fd0000 - 0x00007ffbb2fd9000 	C:\Windows\SYSTEM32\WSOCK32.dll
0x00007ffbbdf60000 - 0x00007ffbbdf83000 	C:\Windows\SYSTEM32\WINMM.dll
0x00007ffbc5840000 - 0x00007ffbc58ac000 	C:\Windows\System32\WS2_32.dll
0x00007ffbbdf30000 - 0x00007ffbbdf5a000 	C:\Windows\SYSTEM32\WINMMBASE.dll
0x00007ffbc2750000 - 0x00007ffbc2799000 	C:\Windows\System32\cfgmgr32.dll
0x00007ffbc1c70000 - 0x00007ffbc1c81000 	C:\Windows\System32\kernel.appcore.dll
0x00007ffb9e700000 - 0x00007ffb9e711000 	C:\Program Files\Java\jdk-12.0.2\bin\verify.dll
0x00007ffbc04a0000 - 0x00007ffbc0669000 	C:\Windows\SYSTEM32\DBGHELP.DLL
0x00007ffbb1c10000 - 0x00007ffbb1c39000 	C:\Windows\SYSTEM32\dbgcore.DLL
0x00007ffb9c010000 - 0x00007ffb9c036000 	C:\Program Files\Java\jdk-12.0.2\bin\java.dll
0x00007ffbb0870000 - 0x00007ffbb08a8000 	C:\Program Files\Java\jdk-12.0.2\bin\jdwp.dll
0x00007ffbbdd10000 - 0x00007ffbbdd1e000 	C:\Program Files\Java\jdk-12.0.2\bin\instrument.dll
0x00007ffb9bd80000 - 0x00007ffb9bd97000 	C:\Program Files\Java\jdk-12.0.2\bin\zip.dll
0x00007ffbabe70000 - 0x00007ffbabe7a000 	C:\Program Files\Java\jdk-12.0.2\bin\jimage.dll

dbghelp: loaded successfully - version: 4.0.5 - missing functions: none
symbol engine: initialized successfully - sym options: 0x614 - pdb path: .;C:\Program Files\Java\jdk-12.0.2\bin;C:\Windows\SYSTEM32;C:\Windows\WinSxS\amd64_microsoft.windows.common-controls_6595b64144ccf1df_6.0.17134.950_none_fb3da4273069d3e0;C:\Program Files\Java\jdk-12.0.2\bin\server

VM Arguments:
jvm_args: -agentlib:jdwp=transport=dt_socket,suspend=y,address=localhost:61994 -javaagent:C:\Users\Vivian\eclipse\java-2019-06\eclipse\configuration\org.eclipse.osgi\226\0\.cp\lib\javaagent-shaded.jar -Dfile.encoding=Cp1252 
java_command: MainClass
java_class_path (initial): C:\Users\Vivian\eclipse-workspace\Quiz\bin
Launcher Type: SUN_STANDARD

[Global flags]
     intx CICompilerCount                          = 3                                         {product} {ergonomic}
     uint ConcGCThreads                            = 1                                         {product} {ergonomic}
     uint G1ConcRefinementThreads                  = 4                                         {product} {ergonomic}
   size_t G1HeapRegionSize                         = 1048576                                   {product} {ergonomic}
    uintx GCDrainStackTargetSize                   = 64                                        {product} {ergonomic}
   size_t InitialHeapSize                          = 67108864                                  {product} {ergonomic}
   size_t MarkStackSize                            = 4194304                                   {product} {ergonomic}
   size_t MaxHeapSize                              = 1042284544                                {product} {ergonomic}
   size_t MinHeapDeltaBytes                        = 1048576                                   {product} {ergonomic}
    uintx NonNMethodCodeHeapSize                   = 5830732                                {pd product} {ergonomic}
    uintx NonProfiledCodeHeapSize                  = 122913754                              {pd product} {ergonomic}
    uintx ProfiledCodeHeapSize                     = 122913754                              {pd product} {ergonomic}
    uintx ReservedCodeCacheSize                    = 251658240                              {pd product} {ergonomic}
     bool SegmentedCodeCache                       = true                                      {product} {ergonomic}
     bool UseCompressedClassPointers               = true                                 {lp64_product} {ergonomic}
     bool UseCompressedOops                        = true                                 {lp64_product} {ergonomic}
     bool UseG1GC                                  = true                                      {product} {ergonomic}
     bool UseLargePagesIndividualAllocation        = false                                  {pd product} {ergonomic}

Logging:
Log output configuration:
 #0: stdout all=warning uptime,level,tags
 #1: stderr all=off uptime,level,tags

Environment Variables:
PATH=C:/Program Files/Java/jdk-12.0.2/bin/server;C:/Program Files/Java/jdk-12.0.2/bin;C:\Program Files (x86)\Intel\Intel(R) Management Engine Components\iCLS\;C:\Program Files\Intel\Intel(R) Management Engine Components\iCLS\;C:\Windows\system32;C:\Windows;C:\Windows\System32\Wbem;C:\Windows\System32\WindowsPowerShell\v1.0\;C:\Windows\System32\OpenSSH\;C:\Program Files (x86)\Intel\Intel(R) Management Engine Components\DAL;C:\Program Files\Intel\Intel(R) Management Engine Components\DAL;C:\Program Files (x86)\Intel\Intel(R) Management Engine Components\IPT;C:\Program Files\Intel\Intel(R) Management Engine Components\IPT;C:\Program Files\MySQL\MySQL Shell 8.0\bin\;C:\Users\Vivian\Desktop;
USERNAME=Vivian
OS=Windows_NT
PROCESSOR_IDENTIFIER=Intel64 Family 6 Model 78 Stepping 3, GenuineIntel



---------------  S Y S T E M  ---------------

OS: Windows 10 , 64 bit Build 17134 (10.0.17134.753)

CPU:total 4 (initial active 4) (2 cores per cpu, 2 threads per core) family 6 model 78 stepping 3, cmov, cx8, fxsr, mmx, sse, sse2, sse3, ssse3, sse4.1, sse4.2, popcnt, aes, clmul, erms, 3dnowpref, lzcnt, ht, tsc, tscinvbit

Memory: 4k page, system-wide physical 3975M (411M free)
TotalPageFile size 16263M (AvailPageFile size 20M)
current process WorkingSet (physical memory assigned to process): 10M, peak: 10M
current process commit charge ("private bytes"): 51M, peak: 115M

vm_info: Java HotSpot(TM) 64-Bit Server VM (12.0.2+10) for windows-amd64 JRE (12.0.2+10), built on Jul 16 2019 01:56:17 by "mach5one" with MS VC++ 15.5 (VS2017)

END.
